2022-11-04 22:11:53,658  INFO [main] ASauceDemo1:47 - Browser is opened
2022-11-04 22:11:53,901  INFO [main] ASauceDemo1:58 - Browser is maximzed
2022-11-04 22:11:55,335  INFO [main] ASauceDemo1:61 - Url is opened
2022-11-04 22:11:55,339  INFO [main] ASauceDemo1:62 - Went on LoginPage
2022-11-04 22:11:55,970  INFO [main] ASauceDemo1:73 - Username is entered
2022-11-04 22:11:56,123  INFO [main] ASauceDemo1:76 - Password is entered
2022-11-04 22:11:56,443  INFO [main] ASauceDemo1:79 - Clicked on login Button
2022-11-04 22:11:56,444  INFO [main] ASauceDemo1:82 - Went on HomePage
2022-11-04 22:11:57,285  INFO [main] ASauceDemo1:23 - All products will be get selected
2022-11-04 22:11:57,296  INFO [main] ASauceDemo1:26 - Apply Validation
2022-11-04 22:11:57,358  INFO [main] ASauceDemo1:30 - total products selected are->3
2022-11-04 22:11:57,883  INFO [main] ASauceDemo1:89 - browser is closed
2022-11-04 22:11:59,199  INFO [main] ASauceDemo1:47 - Browser is opened
2022-11-04 22:11:59,371  INFO [main] ASauceDemo1:58 - Browser is maximzed
2022-11-04 22:12:00,392  INFO [main] ASauceDemo1:61 - Url is opened
2022-11-04 22:12:00,393  INFO [main] ASauceDemo1:62 - Went on LoginPage
2022-11-04 22:12:00,847  INFO [main] ASauceDemo1:73 - Username is entered
2022-11-04 22:12:00,985  INFO [main] ASauceDemo1:76 - Password is entered
2022-11-04 22:12:01,265  INFO [main] ASauceDemo1:79 - Clicked on login Button
2022-11-04 22:12:01,266  INFO [main] ASauceDemo1:82 - Went on HomePage
2022-11-04 22:12:01,460  INFO [main] ASauceDemo1:22 - Bag Product is selected
2022-11-04 22:12:01,460  INFO [main] ASauceDemo1:25 - Apply Validation
2022-11-04 22:12:01,517  INFO [main] ASauceDemo1:29 - actualProductCount-1
2022-11-04 22:12:01,851  INFO [main] ASauceDemo1:89 - browser is closed
2022-11-04 22:12:03,035  INFO [main] ASauceDemo1:47 - Browser is opened
2022-11-04 22:12:03,187  INFO [main] ASauceDemo1:58 - Browser is maximzed
2022-11-04 22:12:04,564  INFO [main] ASauceDemo1:61 - Url is opened
2022-11-04 22:12:04,565  INFO [main] ASauceDemo1:62 - Went on LoginPage
2022-11-04 22:12:04,987  INFO [main] ASauceDemo1:73 - Username is entered
2022-11-04 22:12:05,107  INFO [main] ASauceDemo1:76 - Password is entered
2022-11-04 22:12:05,389  INFO [main] ASauceDemo1:79 - Clicked on login Button
2022-11-04 22:12:05,390  INFO [main] ASauceDemo1:82 - Went on HomePage
2022-11-04 22:12:05,897  INFO [main] ASauceDemo1:29 - Clicked on menu Button
2022-11-04 22:12:36,325  INFO [main] ASauceDemo1:89 - browser is closed
2022-11-04 22:12:37,402  INFO [main] ASauceDemo1:47 - Browser is opened
2022-11-04 22:12:37,550  INFO [main] ASauceDemo1:58 - Browser is maximzed
2022-11-04 22:12:38,645  INFO [main] ASauceDemo1:61 - Url is opened
2022-11-04 22:12:38,646  INFO [main] ASauceDemo1:62 - Went on LoginPage
2022-11-04 22:12:39,067  INFO [main] ASauceDemo1:73 - Username is entered
2022-11-04 22:12:39,178  INFO [main] ASauceDemo1:76 - Password is entered
2022-11-04 22:12:39,444  INFO [main] ASauceDemo1:79 - Clicked on login Button
2022-11-04 22:12:39,444  INFO [main] ASauceDemo1:82 - Went on HomePage
2022-11-04 22:12:39,724  INFO [main] ASauceDemo1:25 - Apply validation in testng using hard assertion
2022-11-04 22:12:39,731  INFO [main] ASauceDemo1:29 - actaulTitle-Swag Labs
2022-11-04 22:12:40,048  INFO [main] ASauceDemo1:89 - browser is closed
2022-11-04 22:18:18,933  INFO [main] ASauceDemo1:47 - Browser is opened
2022-11-04 22:18:19,082  INFO [main] ASauceDemo1:58 - Browser is maximzed
2022-11-04 22:18:20,003  INFO [main] ASauceDemo1:61 - Url is opened
2022-11-04 22:18:20,004  INFO [main] ASauceDemo1:62 - Went on LoginPage
2022-11-04 22:18:20,652  INFO [main] ASauceDemo1:73 - Username is entered
2022-11-04 22:18:20,799  INFO [main] ASauceDemo1:76 - Password is entered
2022-11-04 22:18:21,053  INFO [main] ASauceDemo1:79 - Clicked on login Button
2022-11-04 22:18:21,053  INFO [main] ASauceDemo1:82 - Went on HomePage
2022-11-04 22:18:21,528  INFO [main] ASauceDemo1:25 - Apply validation in testng using hard assertion
2022-11-04 22:18:21,537  INFO [main] ASauceDemo1:29 - actaulTitle-Swag Labs
2022-11-04 22:18:21,892  INFO [main] ASauceDemo1:89 - browser is closed
2022-11-04 22:18:23,063  INFO [main] ASauceDemo1:47 - Browser is opened
2022-11-04 22:18:23,240  INFO [main] ASauceDemo1:58 - Browser is maximzed
2022-11-04 22:18:23,906  INFO [main] ASauceDemo1:61 - Url is opened
2022-11-04 22:18:23,908  INFO [main] ASauceDemo1:62 - Went on LoginPage
2022-11-04 22:18:24,359  INFO [main] ASauceDemo1:73 - Username is entered
2022-11-04 22:18:24,497  INFO [main] ASauceDemo1:76 - Password is entered
2022-11-04 22:18:24,724  INFO [main] ASauceDemo1:79 - Clicked on login Button
2022-11-04 22:18:24,725  INFO [main] ASauceDemo1:82 - Went on HomePage
2022-11-04 22:18:25,271  INFO [main] ASauceDemo1:29 - Clicked on menu Button
2022-11-04 22:18:25,368  INFO [main] ASauceDemo1:32 - Clicked on logOut Button
2022-11-04 22:18:25,369  INFO [main] ASauceDemo1:35 - Went on LoginPage
2022-11-04 22:18:25,369  INFO [main] ASauceDemo1:38 - Apply validation
2022-11-04 22:18:25,391  INFO [main] ASauceDemo1:41 - actaulTitle-Swag Labs
2022-11-04 22:18:25,723  INFO [main] ASauceDemo1:89 - browser is closed
2022-11-04 22:18:26,804  INFO [main] ASauceDemo1:47 - Browser is opened
2022-11-04 22:18:26,941  INFO [main] ASauceDemo1:58 - Browser is maximzed
2022-11-04 22:18:27,805  INFO [main] ASauceDemo1:61 - Url is opened
2022-11-04 22:18:27,806  INFO [main] ASauceDemo1:62 - Went on LoginPage
2022-11-04 22:18:28,237  INFO [main] ASauceDemo1:73 - Username is entered
2022-11-04 22:18:28,364  INFO [main] ASauceDemo1:76 - Password is entered
2022-11-04 22:18:28,623  INFO [main] ASauceDemo1:79 - Clicked on login Button
2022-11-04 22:18:28,624  INFO [main] ASauceDemo1:82 - Went on HomePage
2022-11-04 22:18:28,837  INFO [main] ASauceDemo1:22 - Bag Product is selected
2022-11-04 22:18:28,837  INFO [main] ASauceDemo1:25 - Apply Validation
2022-11-04 22:18:28,886  INFO [main] ASauceDemo1:29 - actualProductCount-1
2022-11-04 22:18:29,118  INFO [main] ASauceDemo1:89 - browser is closed
2022-11-04 22:18:30,183  INFO [main] ASauceDemo1:47 - Browser is opened
2022-11-04 22:18:30,354  INFO [main] ASauceDemo1:58 - Browser is maximzed
2022-11-04 22:18:32,330  INFO [main] ASauceDemo1:61 - Url is opened
2022-11-04 22:18:32,331  INFO [main] ASauceDemo1:62 - Went on LoginPage
2022-11-04 22:18:32,759  INFO [main] ASauceDemo1:73 - Username is entered
2022-11-04 22:18:32,884  INFO [main] ASauceDemo1:76 - Password is entered
2022-11-04 22:18:33,159  INFO [main] ASauceDemo1:79 - Clicked on login Button
2022-11-04 22:18:33,160  INFO [main] ASauceDemo1:82 - Went on HomePage
2022-11-04 22:18:33,542  INFO [main] ASauceDemo1:23 - All products will be get selected
2022-11-04 22:18:33,543  INFO [main] ASauceDemo1:26 - Apply Validation
2022-11-04 22:18:33,621  INFO [main] ASauceDemo1:30 - total products selected are->3
2022-11-04 22:18:33,926  INFO [main] ASauceDemo1:89 - browser is closed
2022-11-04 22:21:07,894  INFO [main] ASauceDemo1:47 - Browser is opened
2022-11-04 22:21:08,021  INFO [main] ASauceDemo1:58 - Browser is maximzed
2022-11-04 22:21:08,918  INFO [main] ASauceDemo1:61 - Url is opened
2022-11-04 22:21:08,918  INFO [main] ASauceDemo1:62 - Went on LoginPage
2022-11-04 22:21:09,755  INFO [main] ASauceDemo1:73 - Username is entered
2022-11-04 22:21:09,934  INFO [main] ASauceDemo1:76 - Password is entered
2022-11-04 22:21:10,187  INFO [main] ASauceDemo1:79 - Clicked on login Button
2022-11-04 22:21:10,188  INFO [main] ASauceDemo1:82 - Went on HomePage
2022-11-04 22:21:10,668  INFO [main] ASauceDemo1:25 - Apply validation in testng using hard assertion
2022-11-04 22:21:10,690  INFO [main] ASauceDemo1:29 - actaulTitle-Swag Labs
2022-11-04 22:21:11,063  INFO [main] ASauceDemo1:89 - browser is closed
2022-11-04 22:21:12,316  INFO [main] ASauceDemo1:47 - Browser is opened
2022-11-04 22:21:12,452  INFO [main] ASauceDemo1:58 - Browser is maximzed
2022-11-04 22:21:14,093  INFO [main] ASauceDemo1:61 - Url is opened
2022-11-04 22:21:14,093  INFO [main] ASauceDemo1:62 - Went on LoginPage
2022-11-04 22:21:14,516  INFO [main] ASauceDemo1:73 - Username is entered
2022-11-04 22:21:14,668  INFO [main] ASauceDemo1:76 - Password is entered
2022-11-04 22:21:14,952  INFO [main] ASauceDemo1:79 - Clicked on login Button
2022-11-04 22:21:14,952  INFO [main] ASauceDemo1:82 - Went on HomePage
2022-11-04 22:21:15,544  INFO [main] ASauceDemo1:29 - Clicked on menu Button
2022-11-04 22:21:15,714  INFO [main] ASauceDemo1:32 - Clicked on logOut Button
2022-11-04 22:21:15,715  INFO [main] ASauceDemo1:35 - Went on LoginPage
2022-11-04 22:21:15,716  INFO [main] ASauceDemo1:38 - Apply validation
2022-11-04 22:21:15,737  INFO [main] ASauceDemo1:41 - actaulTitle-Swag Labs
2022-11-04 22:21:16,022  INFO [main] ASauceDemo1:89 - browser is closed
2022-11-04 22:21:17,077  INFO [main] ASauceDemo1:47 - Browser is opened
2022-11-04 22:21:17,212  INFO [main] ASauceDemo1:58 - Browser is maximzed
2022-11-04 22:21:18,189  INFO [main] ASauceDemo1:61 - Url is opened
2022-11-04 22:21:18,190  INFO [main] ASauceDemo1:62 - Went on LoginPage
2022-11-04 22:21:18,589  INFO [main] ASauceDemo1:73 - Username is entered
2022-11-04 22:21:18,709  INFO [main] ASauceDemo1:76 - Password is entered
2022-11-04 22:21:18,977  INFO [main] ASauceDemo1:79 - Clicked on login Button
2022-11-04 22:21:18,978  INFO [main] ASauceDemo1:82 - Went on HomePage
2022-11-04 22:21:19,193  INFO [main] ASauceDemo1:22 - Bag Product is selected
2022-11-04 22:21:19,193  INFO [main] ASauceDemo1:25 - Apply Validation
2022-11-04 22:21:19,302  INFO [main] ASauceDemo1:29 - actualProductCount-1
2022-11-04 22:21:19,583  INFO [main] ASauceDemo1:89 - browser is closed
2022-11-04 22:21:20,697  INFO [main] ASauceDemo1:47 - Browser is opened
2022-11-04 22:21:20,824  INFO [main] ASauceDemo1:58 - Browser is maximzed
2022-11-04 22:21:21,920  INFO [main] ASauceDemo1:61 - Url is opened
2022-11-04 22:21:21,922  INFO [main] ASauceDemo1:62 - Went on LoginPage
2022-11-04 22:21:22,316  INFO [main] ASauceDemo1:73 - Username is entered
2022-11-04 22:21:22,436  INFO [main] ASauceDemo1:76 - Password is entered
2022-11-04 22:21:22,748  INFO [main] ASauceDemo1:79 - Clicked on login Button
2022-11-04 22:21:22,748  INFO [main] ASauceDemo1:82 - Went on HomePage
2022-11-04 22:21:23,186  INFO [main] ASauceDemo1:23 - All products will be get selected
2022-11-04 22:21:23,186  INFO [main] ASauceDemo1:26 - Apply Validation
2022-11-04 22:21:23,235  INFO [main] ASauceDemo1:30 - total products selected are->3
2022-11-04 22:21:23,509  INFO [main] ASauceDemo1:89 - browser is closed
2022-11-10 14:24:26,042  INFO [main] ASauceDemo1:47 - Browser is opened
2022-11-10 14:24:26,219  INFO [main] ASauceDemo1:59 - Browser is maximzed
2022-11-10 14:24:27,472  INFO [main] ASauceDemo1:62 - Url is opened
2022-11-10 14:24:27,472  INFO [main] ASauceDemo1:63 - Went on LoginPage
2022-11-10 14:24:29,543  INFO [main] ASauceDemo1:47 - Browser is opened
2022-11-10 14:24:29,729  INFO [main] ASauceDemo1:59 - Browser is maximzed
2022-11-10 14:24:30,627  INFO [main] ASauceDemo1:62 - Url is opened
2022-11-10 14:24:30,628  INFO [main] ASauceDemo1:63 - Went on LoginPage
2022-11-10 14:24:32,802  INFO [main] ASauceDemo1:47 - Browser is opened
2022-11-10 14:24:32,958  INFO [main] ASauceDemo1:59 - Browser is maximzed
2022-11-10 14:24:34,094  INFO [main] ASauceDemo1:62 - Url is opened
2022-11-10 14:24:34,095  INFO [main] ASauceDemo1:63 - Went on LoginPage
2022-11-10 14:24:36,274  INFO [main] ASauceDemo1:47 - Browser is opened
2022-11-10 14:24:36,474  INFO [main] ASauceDemo1:59 - Browser is maximzed
2022-11-10 14:24:37,603  INFO [main] ASauceDemo1:62 - Url is opened
2022-11-10 14:24:37,604  INFO [main] ASauceDemo1:63 - Went on LoginPage
2022-11-10 14:27:39,901  INFO [main] ASauceDemo1:47 - Browser is opened
2022-11-10 14:27:40,059  INFO [main] ASauceDemo1:59 - Browser is maximzed
2022-11-10 14:27:41,958  INFO [main] ASauceDemo1:62 - Url is opened
2022-11-10 14:27:41,959  INFO [main] ASauceDemo1:63 - Went on LoginPage
2022-11-10 14:27:44,213  INFO [main] ASauceDemo1:47 - Browser is opened
2022-11-10 14:27:44,413  INFO [main] ASauceDemo1:59 - Browser is maximzed
2022-11-10 14:27:45,250  INFO [main] ASauceDemo1:62 - Url is opened
2022-11-10 14:27:45,250  INFO [main] ASauceDemo1:63 - Went on LoginPage
2022-11-10 14:27:47,535  INFO [main] ASauceDemo1:47 - Browser is opened
2022-11-10 14:27:48,167  INFO [main] ASauceDemo1:59 - Browser is maximzed
2022-11-10 14:27:49,120  INFO [main] ASauceDemo1:62 - Url is opened
2022-11-10 14:27:49,120  INFO [main] ASauceDemo1:63 - Went on LoginPage
2022-11-10 14:27:51,396  INFO [main] ASauceDemo1:47 - Browser is opened
2022-11-10 14:27:51,686  INFO [main] ASauceDemo1:59 - Browser is maximzed
2022-11-10 14:27:52,726  INFO [main] ASauceDemo1:62 - Url is opened
2022-11-10 14:27:52,726  INFO [main] ASauceDemo1:63 - Went on LoginPage
2022-11-10 14:29:47,773  INFO [main] ASauceDemo1:47 - Browser is opened
2022-11-10 14:29:47,914  INFO [main] ASauceDemo1:59 - Browser is maximzed
2022-11-10 14:29:48,913  INFO [main] ASauceDemo1:62 - Url is opened
2022-11-10 14:29:48,918  INFO [main] ASauceDemo1:63 - Went on LoginPage
2022-11-10 14:29:49,638  INFO [main] ASauceDemo1:74 - Username is entered
2022-11-10 14:29:49,815  INFO [main] ASauceDemo1:77 - Password is entered
2022-11-10 14:29:50,205  INFO [main] ASauceDemo1:80 - Clicked on login Button
2022-11-10 14:29:50,206  INFO [main] ASauceDemo1:83 - Went on HomePage
2022-11-10 14:29:51,332  INFO [main] ASauceDemo1:25 - Apply validation in testng using hard assertion
2022-11-10 14:29:51,340  INFO [main] ASauceDemo1:29 - actaulTitle-Swag Labs
2022-11-10 14:29:51,742  INFO [main] ASauceDemo1:90 - browser is closed
2022-11-10 14:29:52,978  INFO [main] ASauceDemo1:47 - Browser is opened
2022-11-10 14:29:53,137  INFO [main] ASauceDemo1:59 - Browser is maximzed
2022-11-10 14:29:54,101  INFO [main] ASauceDemo1:62 - Url is opened
2022-11-10 14:29:54,102  INFO [main] ASauceDemo1:63 - Went on LoginPage
2022-11-10 14:29:54,547  INFO [main] ASauceDemo1:74 - Username is entered
2022-11-10 14:29:54,670  INFO [main] ASauceDemo1:77 - Password is entered
2022-11-10 14:29:54,981  INFO [main] ASauceDemo1:80 - Clicked on login Button
2022-11-10 14:29:54,982  INFO [main] ASauceDemo1:83 - Went on HomePage
2022-11-10 14:29:55,710  INFO [main] ASauceDemo1:29 - Clicked on menu Button
2022-11-10 14:29:55,810  INFO [main] ASauceDemo1:32 - Clicked on logOut Button
2022-11-10 14:29:55,810  INFO [main] ASauceDemo1:35 - Went on LoginPage
2022-11-10 14:29:55,810  INFO [main] ASauceDemo1:38 - Apply validation
2022-11-10 14:29:55,825  INFO [main] ASauceDemo1:41 - actaulTitle-Swag Labs
2022-11-10 14:29:56,212  INFO [main] ASauceDemo1:90 - browser is closed
2022-11-10 14:29:57,285  INFO [main] ASauceDemo1:47 - Browser is opened
2022-11-10 14:29:57,439  INFO [main] ASauceDemo1:59 - Browser is maximzed
2022-11-10 14:29:58,343  INFO [main] ASauceDemo1:62 - Url is opened
2022-11-10 14:29:58,344  INFO [main] ASauceDemo1:63 - Went on LoginPage
2022-11-10 14:29:58,741  INFO [main] ASauceDemo1:74 - Username is entered
2022-11-10 14:29:58,905  INFO [main] ASauceDemo1:77 - Password is entered
2022-11-10 14:29:59,154  INFO [main] ASauceDemo1:80 - Clicked on login Button
2022-11-10 14:29:59,154  INFO [main] ASauceDemo1:83 - Went on HomePage
2022-11-10 14:29:59,354  INFO [main] ASauceDemo1:22 - Bag Product is selected
2022-11-10 14:29:59,355  INFO [main] ASauceDemo1:25 - Apply Validation
2022-11-10 14:29:59,401  INFO [main] ASauceDemo1:29 - actualProductCount-1
2022-11-10 14:29:59,732  INFO [main] ASauceDemo1:90 - browser is closed
2022-11-10 14:30:00,842  INFO [main] ASauceDemo1:47 - Browser is opened
2022-11-10 14:30:00,985  INFO [main] ASauceDemo1:59 - Browser is maximzed
2022-11-10 14:30:01,950  INFO [main] ASauceDemo1:62 - Url is opened
2022-11-10 14:30:01,953  INFO [main] ASauceDemo1:63 - Went on LoginPage
2022-11-10 14:30:02,441  INFO [main] ASauceDemo1:74 - Username is entered
2022-11-10 14:30:02,621  INFO [main] ASauceDemo1:77 - Password is entered
2022-11-10 14:30:03,097  INFO [main] ASauceDemo1:80 - Clicked on login Button
2022-11-10 14:30:03,098  INFO [main] ASauceDemo1:83 - Went on HomePage
2022-11-10 14:30:03,827  INFO [main] ASauceDemo1:23 - All products will be get selected
2022-11-10 14:30:03,827  INFO [main] ASauceDemo1:26 - Apply Validation
2022-11-10 14:30:03,869  INFO [main] ASauceDemo1:30 - total products selected are->3
2022-11-10 14:30:04,252  INFO [main] ASauceDemo1:90 - browser is closed
2022-11-16 17:50:11,696  INFO [main] ASauceDemo1:47 - Browser is opened
2022-11-16 17:50:11,883  INFO [main] ASauceDemo1:59 - Browser is maximzed
2022-11-16 17:50:13,384  INFO [main] ASauceDemo1:62 - Url is opened
2022-11-16 17:50:13,384  INFO [main] ASauceDemo1:63 - Went on LoginPage
2022-11-16 17:50:14,009  INFO [main] ASauceDemo1:74 - Username is entered
2022-11-16 17:50:14,156  INFO [main] ASauceDemo1:77 - Password is entered
2022-11-16 17:50:14,543  INFO [main] ASauceDemo1:80 - Clicked on login Button
2022-11-16 17:50:14,544  INFO [main] ASauceDemo1:83 - Went on HomePage
2022-11-16 17:50:15,329  INFO [main] ASauceDemo1:25 - Apply validation in testng using hard assertion
2022-11-16 17:50:15,346  INFO [main] ASauceDemo1:29 - actaulTitle-Swag Labs
2022-11-16 17:50:15,872  INFO [main] ASauceDemo1:90 - browser is closed
2022-11-16 17:50:17,463  INFO [main] ASauceDemo1:47 - Browser is opened
2022-11-16 17:50:17,649  INFO [main] ASauceDemo1:59 - Browser is maximzed
2022-11-16 17:50:18,996  INFO [main] ASauceDemo1:62 - Url is opened
2022-11-16 17:50:18,996  INFO [main] ASauceDemo1:63 - Went on LoginPage
2022-11-16 17:50:19,489  INFO [main] ASauceDemo1:74 - Username is entered
2022-11-16 17:50:19,617  INFO [main] ASauceDemo1:77 - Password is entered
2022-11-16 17:50:20,010  INFO [main] ASauceDemo1:80 - Clicked on login Button
2022-11-16 17:50:20,011  INFO [main] ASauceDemo1:83 - Went on HomePage
2022-11-16 17:50:20,893  INFO [main] ASauceDemo1:29 - Clicked on menu Button
2022-11-16 17:50:21,118  INFO [main] ASauceDemo1:32 - Clicked on logOut Button
2022-11-16 17:50:21,120  INFO [main] ASauceDemo1:35 - Went on LoginPage
2022-11-16 17:50:21,121  INFO [main] ASauceDemo1:38 - Apply validation
2022-11-16 17:50:21,136  INFO [main] ASauceDemo1:41 - actaulTitle-Swag Labs
2022-11-16 17:50:21,476  INFO [main] ASauceDemo1:90 - browser is closed
2022-11-16 17:50:22,765  INFO [main] ASauceDemo1:47 - Browser is opened
2022-11-16 17:50:23,043  INFO [main] ASauceDemo1:59 - Browser is maximzed
2022-11-16 17:50:24,455  INFO [main] ASauceDemo1:62 - Url is opened
2022-11-16 17:50:24,455  INFO [main] ASauceDemo1:63 - Went on LoginPage
2022-11-16 17:50:25,071  INFO [main] ASauceDemo1:74 - Username is entered
2022-11-16 17:50:25,194  INFO [main] ASauceDemo1:77 - Password is entered
2022-11-16 17:50:25,520  INFO [main] ASauceDemo1:80 - Clicked on login Button
2022-11-16 17:50:25,520  INFO [main] ASauceDemo1:83 - Went on HomePage
2022-11-16 17:50:25,974  INFO [main] ASauceDemo1:22 - Bag Product is selected
2022-11-16 17:50:25,974  INFO [main] ASauceDemo1:25 - Apply Validation
2022-11-16 17:50:26,069  INFO [main] ASauceDemo1:29 - actualProductCount-1
2022-11-16 17:50:26,471  INFO [main] ASauceDemo1:90 - browser is closed
2022-11-16 17:50:27,688  INFO [main] ASauceDemo1:47 - Browser is opened
2022-11-16 17:50:27,979  INFO [main] ASauceDemo1:59 - Browser is maximzed
2022-11-16 17:50:29,053  INFO [main] ASauceDemo1:62 - Url is opened
2022-11-16 17:50:29,054  INFO [main] ASauceDemo1:63 - Went on LoginPage
2022-11-16 17:50:29,558  INFO [main] ASauceDemo1:74 - Username is entered
2022-11-16 17:50:29,726  INFO [main] ASauceDemo1:77 - Password is entered
2022-11-16 17:50:30,021  INFO [main] ASauceDemo1:80 - Clicked on login Button
2022-11-16 17:50:30,022  INFO [main] ASauceDemo1:83 - Went on HomePage
2022-11-16 17:50:30,870  INFO [main] ASauceDemo1:23 - All products will be get selected
2022-11-16 17:50:30,870  INFO [main] ASauceDemo1:26 - Apply Validation
2022-11-16 17:50:30,947  INFO [main] ASauceDemo1:30 - total products selected are->3
2022-11-16 17:50:31,440  INFO [main] ASauceDemo1:90 - browser is closed
2022-11-16 17:52:40,196  INFO [main] ASauceDemo1:48 - Browser is opened
2022-11-16 17:52:40,386  INFO [main] ASauceDemo1:60 - Browser is maximzed
2022-11-16 17:52:41,757  INFO [main] ASauceDemo1:63 - Url is opened
2022-11-16 17:52:41,758  INFO [main] ASauceDemo1:64 - Went on LoginPage
2022-11-16 17:52:42,438  INFO [main] ASauceDemo1:75 - Username is entered
2022-11-16 17:52:42,605  INFO [main] ASauceDemo1:78 - Password is entered
2022-11-16 17:52:42,920  INFO [main] ASauceDemo1:81 - Clicked on login Button
2022-11-16 17:52:42,922  INFO [main] ASauceDemo1:84 - Went on HomePage
2022-11-16 17:52:43,463  INFO [main] ASauceDemo1:25 - Apply validation in testng using hard assertion
2022-11-16 17:52:43,472  INFO [main] ASauceDemo1:29 - actaulTitle-Swag Labs
2022-11-16 17:52:43,893  INFO [main] ASauceDemo1:91 - browser is closed
2022-11-16 17:52:45,133  INFO [main] ASauceDemo1:48 - Browser is opened
2022-11-16 17:52:45,289  INFO [main] ASauceDemo1:60 - Browser is maximzed
2022-11-16 17:52:46,343  INFO [main] ASauceDemo1:63 - Url is opened
2022-11-16 17:52:46,344  INFO [main] ASauceDemo1:64 - Went on LoginPage
2022-11-16 17:52:46,797  INFO [main] ASauceDemo1:75 - Username is entered
2022-11-16 17:52:46,905  INFO [main] ASauceDemo1:78 - Password is entered
2022-11-16 17:52:47,192  INFO [main] ASauceDemo1:81 - Clicked on login Button
2022-11-16 17:52:47,193  INFO [main] ASauceDemo1:84 - Went on HomePage
2022-11-16 17:52:47,889  INFO [main] ASauceDemo1:29 - Clicked on menu Button
2022-11-16 17:52:48,115  INFO [main] ASauceDemo1:32 - Clicked on logOut Button
2022-11-16 17:52:48,116  INFO [main] ASauceDemo1:35 - Went on LoginPage
2022-11-16 17:52:48,117  INFO [main] ASauceDemo1:38 - Apply validation
2022-11-16 17:52:48,129  INFO [main] ASauceDemo1:41 - actaulTitle-Swag Labs
2022-11-16 17:52:48,492  INFO [main] ASauceDemo1:91 - browser is closed
2022-11-16 17:52:49,774  INFO [main] ASauceDemo1:48 - Browser is opened
2022-11-16 17:52:49,951  INFO [main] ASauceDemo1:60 - Browser is maximzed
2022-11-16 17:52:51,333  INFO [main] ASauceDemo1:63 - Url is opened
2022-11-16 17:52:51,333  INFO [main] ASauceDemo1:64 - Went on LoginPage
2022-11-16 17:52:51,779  INFO [main] ASauceDemo1:75 - Username is entered
2022-11-16 17:52:51,894  INFO [main] ASauceDemo1:78 - Password is entered
2022-11-16 17:52:52,191  INFO [main] ASauceDemo1:81 - Clicked on login Button
2022-11-16 17:52:52,191  INFO [main] ASauceDemo1:84 - Went on HomePage
2022-11-16 17:52:52,364  INFO [main] ASauceDemo1:22 - Bag Product is selected
2022-11-16 17:52:52,364  INFO [main] ASauceDemo1:25 - Apply Validation
2022-11-16 17:52:52,415  INFO [main] ASauceDemo1:29 - actualProductCount-1
2022-11-16 17:52:52,707  INFO [main] ASauceDemo1:91 - browser is closed
2022-11-16 17:52:53,827  INFO [main] ASauceDemo1:48 - Browser is opened
2022-11-16 17:52:54,033  INFO [main] ASauceDemo1:60 - Browser is maximzed
2022-11-16 17:52:55,574  INFO [main] ASauceDemo1:63 - Url is opened
2022-11-16 17:52:55,575  INFO [main] ASauceDemo1:64 - Went on LoginPage
2022-11-16 17:52:56,123  INFO [main] ASauceDemo1:75 - Username is entered
2022-11-16 17:52:56,251  INFO [main] ASauceDemo1:78 - Password is entered
2022-11-16 17:52:56,580  INFO [main] ASauceDemo1:81 - Clicked on login Button
2022-11-16 17:52:56,580  INFO [main] ASauceDemo1:84 - Went on HomePage
2022-11-16 17:52:57,162  INFO [main] ASauceDemo1:23 - All products will be get selected
2022-11-16 17:52:57,163  INFO [main] ASauceDemo1:26 - Apply Validation
2022-11-16 17:52:57,233  INFO [main] ASauceDemo1:30 - total products selected are->3
2022-11-16 17:52:57,726  INFO [main] ASauceDemo1:91 - browser is closed
2022-11-16 18:01:27,890  INFO [main] ASauceDemo1:48 - Browser is opened
2022-11-16 18:01:28,188  INFO [main] ASauceDemo1:60 - Browser is maximzed
2022-11-16 18:01:29,548  INFO [main] ASauceDemo1:63 - Url is opened
2022-11-16 18:01:29,549  INFO [main] ASauceDemo1:64 - Went on LoginPage
2022-11-16 18:01:30,306  INFO [main] ASauceDemo1:75 - Username is entered
2022-11-16 18:01:30,523  INFO [main] ASauceDemo1:78 - Password is entered
2022-11-16 18:01:30,910  INFO [main] ASauceDemo1:81 - Clicked on login Button
2022-11-16 18:01:30,911  INFO [main] ASauceDemo1:84 - Went on HomePage
2022-11-16 18:01:32,064  INFO [main] ASauceDemo1:25 - Apply validation in testng using hard assertion
2022-11-16 18:01:32,080  INFO [main] ASauceDemo1:29 - actaulTitle-Swag Labs
2022-11-16 18:01:32,672  INFO [main] ASauceDemo1:91 - browser is closed
2022-11-16 18:01:34,194  INFO [main] ASauceDemo1:48 - Browser is opened
2022-11-16 18:01:34,492  INFO [main] ASauceDemo1:60 - Browser is maximzed
2022-11-16 18:01:35,927  INFO [main] ASauceDemo1:63 - Url is opened
2022-11-16 18:01:35,928  INFO [main] ASauceDemo1:64 - Went on LoginPage
2022-11-16 18:01:36,711  INFO [main] ASauceDemo1:75 - Username is entered
2022-11-16 18:01:37,124  INFO [main] ASauceDemo1:78 - Password is entered
2022-11-16 18:01:37,822  INFO [main] ASauceDemo1:81 - Clicked on login Button
2022-11-16 18:01:37,822  INFO [main] ASauceDemo1:84 - Went on HomePage
2022-11-16 18:01:39,236  INFO [main] ASauceDemo1:29 - Clicked on menu Button
2022-11-16 18:01:39,356  INFO [main] ASauceDemo1:32 - Clicked on logOut Button
2022-11-16 18:01:39,357  INFO [main] ASauceDemo1:35 - Went on LoginPage
2022-11-16 18:01:39,358  INFO [main] ASauceDemo1:38 - Apply validation
2022-11-16 18:01:39,373  INFO [main] ASauceDemo1:41 - actaulTitle-Swag Labs
2022-11-16 18:01:40,023  INFO [main] ASauceDemo1:91 - browser is closed
2022-11-16 18:01:42,087  INFO [main] ASauceDemo1:48 - Browser is opened
2022-11-16 18:01:42,270  INFO [main] ASauceDemo1:60 - Browser is maximzed
2022-11-16 18:01:43,486  INFO [main] ASauceDemo1:63 - Url is opened
2022-11-16 18:01:43,486  INFO [main] ASauceDemo1:64 - Went on LoginPage
2022-11-16 18:01:44,042  INFO [main] ASauceDemo1:75 - Username is entered
2022-11-16 18:01:44,194  INFO [main] ASauceDemo1:78 - Password is entered
2022-11-16 18:01:44,549  INFO [main] ASauceDemo1:81 - Clicked on login Button
2022-11-16 18:01:44,550  INFO [main] ASauceDemo1:84 - Went on HomePage
2022-11-16 18:01:45,340  INFO [main] ASauceDemo1:22 - Bag Product is selected
2022-11-16 18:01:45,341  INFO [main] ASauceDemo1:25 - Apply Validation
2022-11-16 18:01:45,451  INFO [main] ASauceDemo1:29 - actualProductCount-1
2022-11-16 18:01:46,185  INFO [main] ASauceDemo1:91 - browser is closed
2022-11-16 18:01:48,031  INFO [main] ASauceDemo1:48 - Browser is opened
2022-11-16 18:01:48,341  INFO [main] ASauceDemo1:60 - Browser is maximzed
2022-11-16 18:01:49,614  INFO [main] ASauceDemo1:63 - Url is opened
2022-11-16 18:01:49,615  INFO [main] ASauceDemo1:64 - Went on LoginPage
2022-11-16 18:01:50,204  INFO [main] ASauceDemo1:75 - Username is entered
2022-11-16 18:01:50,371  INFO [main] ASauceDemo1:78 - Password is entered
2022-11-16 18:01:50,737  INFO [main] ASauceDemo1:81 - Clicked on login Button
2022-11-16 18:01:50,738  INFO [main] ASauceDemo1:84 - Went on HomePage
2022-11-16 18:01:51,497  INFO [main] ASauceDemo1:23 - All products will be get selected
2022-11-16 18:01:51,497  INFO [main] ASauceDemo1:26 - Apply Validation
2022-11-16 18:01:51,604  INFO [main] ASauceDemo1:30 - total products selected are->3
2022-11-16 18:01:52,545  INFO [main] ASauceDemo1:91 - browser is closed
2022-11-16 18:03:41,573  INFO [main] ASauceDemo1:48 - Browser is opened
2022-11-16 18:03:41,767  INFO [main] ASauceDemo1:60 - Browser is maximzed
2022-11-16 18:03:43,197  INFO [main] ASauceDemo1:63 - Url is opened
2022-11-16 18:03:43,198  INFO [main] ASauceDemo1:64 - Went on LoginPage
2022-11-16 18:03:44,318  INFO [main] ASauceDemo1:75 - Username is entered
2022-11-16 18:03:44,574  INFO [main] ASauceDemo1:78 - Password is entered
2022-11-16 18:03:45,234  INFO [main] ASauceDemo1:81 - Clicked on login Button
2022-11-16 18:03:45,235  INFO [main] ASauceDemo1:84 - Went on HomePage
2022-11-16 18:03:46,317  INFO [main] ASauceDemo1:25 - Apply validation in testng using hard assertion
2022-11-16 18:03:46,343  INFO [main] ASauceDemo1:29 - actaulTitle-Swag Labs
2022-11-16 18:03:48,016  INFO [main] ASauceDemo1:91 - browser is closed
2022-11-16 18:03:50,231  INFO [main] ASauceDemo1:48 - Browser is opened
2022-11-16 18:03:50,501  INFO [main] ASauceDemo1:60 - Browser is maximzed
2022-11-16 18:03:51,813  INFO [main] ASauceDemo1:63 - Url is opened
2022-11-16 18:03:51,815  INFO [main] ASauceDemo1:64 - Went on LoginPage
2022-11-16 18:03:52,326  INFO [main] ASauceDemo1:75 - Username is entered
2022-11-16 18:03:52,483  INFO [main] ASauceDemo1:78 - Password is entered
2022-11-16 18:03:52,728  INFO [main] ASauceDemo1:81 - Clicked on login Button
2022-11-16 18:03:52,728  INFO [main] ASauceDemo1:84 - Went on HomePage
2022-11-16 18:03:53,753  INFO [main] ASauceDemo1:29 - Clicked on menu Button
2022-11-16 18:03:54,315  INFO [main] ASauceDemo1:32 - Clicked on logOut Button
2022-11-16 18:03:54,318  INFO [main] ASauceDemo1:35 - Went on LoginPage
2022-11-16 18:03:54,322  INFO [main] ASauceDemo1:38 - Apply validation
2022-11-16 18:03:54,341  INFO [main] ASauceDemo1:41 - actaulTitle-Swag Labs
2022-11-16 18:03:55,710  INFO [main] ASauceDemo1:91 - browser is closed
2022-11-16 18:03:57,460  INFO [main] ASauceDemo1:48 - Browser is opened
2022-11-16 18:03:57,909  INFO [main] ASauceDemo1:60 - Browser is maximzed
2022-11-16 18:03:58,955  INFO [main] ASauceDemo1:63 - Url is opened
2022-11-16 18:03:58,957  INFO [main] ASauceDemo1:64 - Went on LoginPage
2022-11-16 18:03:59,475  INFO [main] ASauceDemo1:75 - Username is entered
2022-11-16 18:03:59,627  INFO [main] ASauceDemo1:78 - Password is entered
2022-11-16 18:03:59,872  INFO [main] ASauceDemo1:81 - Clicked on login Button
2022-11-16 18:03:59,873  INFO [main] ASauceDemo1:84 - Went on HomePage
2022-11-16 18:04:00,267  INFO [main] ASauceDemo1:22 - Bag Product is selected
2022-11-16 18:04:00,268  INFO [main] ASauceDemo1:25 - Apply Validation
2022-11-16 18:04:00,384  INFO [main] ASauceDemo1:29 - actualProductCount-1
2022-11-16 18:04:02,551  INFO [main] ASauceDemo1:91 - browser is closed
2022-11-16 18:04:05,212  INFO [main] ASauceDemo1:48 - Browser is opened
2022-11-16 18:04:05,590  INFO [main] ASauceDemo1:60 - Browser is maximzed
2022-11-16 18:04:06,800  INFO [main] ASauceDemo1:63 - Url is opened
2022-11-16 18:04:06,801  INFO [main] ASauceDemo1:64 - Went on LoginPage
2022-11-16 18:04:07,334  INFO [main] ASauceDemo1:75 - Username is entered
2022-11-16 18:04:07,512  INFO [main] ASauceDemo1:78 - Password is entered
2022-11-16 18:04:07,806  INFO [main] ASauceDemo1:81 - Clicked on login Button
2022-11-16 18:04:07,807  INFO [main] ASauceDemo1:84 - Went on HomePage
2022-11-16 18:04:08,304  INFO [main] ASauceDemo1:23 - All products will be get selected
2022-11-16 18:04:08,305  INFO [main] ASauceDemo1:26 - Apply Validation
2022-11-16 18:04:08,390  INFO [main] ASauceDemo1:30 - total products selected are->3
2022-11-16 18:04:09,180  INFO [main] ASauceDemo1:91 - browser is closed
2022-11-17 16:57:59,849  INFO [main] ASauceDemo1:48 - Browser is opened
2022-11-17 16:58:00,027  INFO [main] ASauceDemo1:60 - Browser is maximzed
2022-11-17 16:58:00,956  INFO [main] ASauceDemo1:63 - Url is opened
2022-11-17 16:58:00,960  INFO [main] ASauceDemo1:64 - Went on LoginPage
2022-11-17 16:58:01,555  INFO [main] ASauceDemo1:75 - Username is entered
2022-11-17 16:58:01,706  INFO [main] ASauceDemo1:78 - Password is entered
2022-11-17 16:58:02,042  INFO [main] ASauceDemo1:81 - Clicked on login Button
2022-11-17 16:58:02,043  INFO [main] ASauceDemo1:84 - Went on HomePage
2022-11-17 16:58:02,504  INFO [main] ASauceDemo1:25 - Apply validation in testng using hard assertion
2022-11-17 16:58:02,512  INFO [main] ASauceDemo1:29 - actaulTitle-Swag Labs
2022-11-17 16:58:02,878  INFO [main] ASauceDemo1:91 - browser is closed
2022-11-17 16:58:03,973  INFO [main] ASauceDemo1:48 - Browser is opened
2022-11-17 16:58:04,121  INFO [main] ASauceDemo1:60 - Browser is maximzed
2022-11-17 16:58:04,805  INFO [main] ASauceDemo1:63 - Url is opened
2022-11-17 16:58:04,806  INFO [main] ASauceDemo1:64 - Went on LoginPage
2022-11-17 16:58:05,246  INFO [main] ASauceDemo1:75 - Username is entered
2022-11-17 16:58:05,365  INFO [main] ASauceDemo1:78 - Password is entered
2022-11-17 16:58:05,653  INFO [main] ASauceDemo1:81 - Clicked on login Button
2022-11-17 16:58:05,654  INFO [main] ASauceDemo1:84 - Went on HomePage
2022-11-17 16:58:06,349  INFO [main] ASauceDemo1:29 - Clicked on menu Button
2022-11-17 16:58:06,481  INFO [main] ASauceDemo1:32 - Clicked on logOut Button
2022-11-17 16:58:06,481  INFO [main] ASauceDemo1:35 - Went on LoginPage
2022-11-17 16:58:06,482  INFO [main] ASauceDemo1:38 - Apply validation
2022-11-17 16:58:06,497  INFO [main] ASauceDemo1:41 - actaulTitle-Swag Labs
2022-11-17 16:58:06,968  INFO [main] ASauceDemo1:91 - browser is closed
2022-11-17 16:58:08,150  INFO [main] ASauceDemo1:48 - Browser is opened
2022-11-17 16:58:08,294  INFO [main] ASauceDemo1:60 - Browser is maximzed
2022-11-17 16:58:09,426  INFO [main] ASauceDemo1:63 - Url is opened
2022-11-17 16:58:09,428  INFO [main] ASauceDemo1:64 - Went on LoginPage
2022-11-17 16:58:10,003  INFO [main] ASauceDemo1:75 - Username is entered
2022-11-17 16:58:10,144  INFO [main] ASauceDemo1:78 - Password is entered
2022-11-17 16:58:10,458  INFO [main] ASauceDemo1:81 - Clicked on login Button
2022-11-17 16:58:10,459  INFO [main] ASauceDemo1:84 - Went on HomePage
2022-11-17 16:58:10,639  INFO [main] ASauceDemo1:22 - Bag Product is selected
2022-11-17 16:58:10,639  INFO [main] ASauceDemo1:25 - Apply Validation
2022-11-17 16:58:10,682  INFO [main] ASauceDemo1:29 - actualProductCount-1
2022-11-17 16:58:11,034  INFO [main] ASauceDemo1:91 - browser is closed
2022-11-17 16:58:12,196  INFO [main] ASauceDemo1:48 - Browser is opened
2022-11-17 16:58:12,330  INFO [main] ASauceDemo1:60 - Browser is maximzed
2022-11-17 16:58:13,819  INFO [main] ASauceDemo1:63 - Url is opened
2022-11-17 16:58:13,820  INFO [main] ASauceDemo1:64 - Went on LoginPage
2022-11-17 16:58:14,240  INFO [main] ASauceDemo1:75 - Username is entered
2022-11-17 16:58:14,390  INFO [main] ASauceDemo1:78 - Password is entered
2022-11-17 16:58:14,677  INFO [main] ASauceDemo1:81 - Clicked on login Button
2022-11-17 16:58:14,678  INFO [main] ASauceDemo1:84 - Went on HomePage
2022-11-17 16:58:15,010  INFO [main] ASauceDemo1:23 - All products will be get selected
2022-11-17 16:58:15,010  INFO [main] ASauceDemo1:26 - Apply Validation
2022-11-17 16:58:15,046  INFO [main] ASauceDemo1:30 - total products selected are->3
2022-11-17 16:58:15,389  INFO [main] ASauceDemo1:91 - browser is closed
2022-11-17 17:07:51,344  INFO [main] ASauceDemo1:48 - Browser is opened
2022-11-17 17:07:51,364  INFO [main] ASauceDemo1:60 - Browser is maximzed
2022-11-17 17:07:52,693  INFO [main] ASauceDemo1:63 - Url is opened
2022-11-17 17:07:52,694  INFO [main] ASauceDemo1:64 - Went on LoginPage
2022-11-17 17:07:53,354  INFO [main] ASauceDemo1:75 - Username is entered
2022-11-17 17:07:53,465  INFO [main] ASauceDemo1:78 - Password is entered
2022-11-17 17:07:53,788  INFO [main] ASauceDemo1:81 - Clicked on login Button
2022-11-17 17:07:53,789  INFO [main] ASauceDemo1:84 - Went on HomePage
2022-11-17 17:07:53,927  INFO [main] ASauceDemo1:25 - Apply validation in testng using hard assertion
2022-11-17 17:07:53,934  INFO [main] ASauceDemo1:29 - actaulTitle-Swag Labs
2022-11-17 17:07:55,429  INFO [main] ASauceDemo1:91 - browser is closed
2022-11-17 17:07:59,693  INFO [main] ASauceDemo1:48 - Browser is opened
2022-11-17 17:07:59,707  INFO [main] ASauceDemo1:60 - Browser is maximzed
2022-11-17 17:08:00,481  INFO [main] ASauceDemo1:63 - Url is opened
2022-11-17 17:08:00,485  INFO [main] ASauceDemo1:64 - Went on LoginPage
2022-11-17 17:08:00,994  INFO [main] ASauceDemo1:75 - Username is entered
2022-11-17 17:08:01,091  INFO [main] ASauceDemo1:78 - Password is entered
2022-11-17 17:08:01,356  INFO [main] ASauceDemo1:81 - Clicked on login Button
2022-11-17 17:08:01,356  INFO [main] ASauceDemo1:84 - Went on HomePage
2022-11-17 17:08:01,911  INFO [main] ASauceDemo1:29 - Clicked on menu Button
2022-11-17 17:08:02,185  INFO [main] ASauceDemo1:32 - Clicked on logOut Button
2022-11-17 17:08:02,186  INFO [main] ASauceDemo1:35 - Went on LoginPage
2022-11-17 17:08:02,187  INFO [main] ASauceDemo1:38 - Apply validation
2022-11-17 17:08:02,193  INFO [main] ASauceDemo1:41 - actaulTitle-Swag Labs
2022-11-17 17:08:03,544  INFO [main] ASauceDemo1:91 - browser is closed
2022-11-17 17:08:07,596  INFO [main] ASauceDemo1:48 - Browser is opened
2022-11-17 17:08:07,604  INFO [main] ASauceDemo1:60 - Browser is maximzed
2022-11-17 17:08:08,405  INFO [main] ASauceDemo1:63 - Url is opened
2022-11-17 17:08:08,406  INFO [main] ASauceDemo1:64 - Went on LoginPage
2022-11-17 17:08:08,865  INFO [main] ASauceDemo1:75 - Username is entered
2022-11-17 17:08:08,991  INFO [main] ASauceDemo1:78 - Password is entered
2022-11-17 17:08:09,224  INFO [main] ASauceDemo1:81 - Clicked on login Button
2022-11-17 17:08:09,225  INFO [main] ASauceDemo1:84 - Went on HomePage
2022-11-17 17:08:09,532  INFO [main] ASauceDemo1:22 - Bag Product is selected
2022-11-17 17:08:09,532  INFO [main] ASauceDemo1:25 - Apply Validation
2022-11-17 17:08:09,601  INFO [main] ASauceDemo1:29 - actualProductCount-1
2022-11-17 17:08:11,150  INFO [main] ASauceDemo1:91 - browser is closed
2022-11-17 17:08:15,136  INFO [main] ASauceDemo1:48 - Browser is opened
2022-11-17 17:08:15,143  INFO [main] ASauceDemo1:60 - Browser is maximzed
2022-11-17 17:08:15,950  INFO [main] ASauceDemo1:63 - Url is opened
2022-11-17 17:08:15,951  INFO [main] ASauceDemo1:64 - Went on LoginPage
2022-11-17 17:08:16,383  INFO [main] ASauceDemo1:75 - Username is entered
2022-11-17 17:08:16,505  INFO [main] ASauceDemo1:78 - Password is entered
2022-11-17 17:08:16,790  INFO [main] ASauceDemo1:81 - Clicked on login Button
2022-11-17 17:08:16,791  INFO [main] ASauceDemo1:84 - Went on HomePage
2022-11-17 17:08:17,717  INFO [main] ASauceDemo1:23 - All products will be get selected
2022-11-17 17:08:17,718  INFO [main] ASauceDemo1:26 - Apply Validation
2022-11-17 17:08:17,749  INFO [main] ASauceDemo1:30 - total products selected are->3
2022-11-17 17:08:19,230  INFO [main] ASauceDemo1:91 - browser is closed
2022-11-17 17:10:26,721  INFO [main] ASauceDemo1:48 - Browser is opened
2022-11-17 17:10:26,739  INFO [main] ASauceDemo1:60 - Browser is maximzed
2022-11-17 17:10:29,362  INFO [main] ASauceDemo1:63 - Url is opened
2022-11-17 17:10:29,363  INFO [main] ASauceDemo1:64 - Went on LoginPage
2022-11-17 17:10:29,968  INFO [main] ASauceDemo1:75 - Username is entered
2022-11-17 17:10:30,126  INFO [main] ASauceDemo1:78 - Password is entered
2022-11-17 17:10:30,404  INFO [main] ASauceDemo1:81 - Clicked on login Button
2022-11-17 17:10:30,404  INFO [main] ASauceDemo1:84 - Went on HomePage
2022-11-17 17:10:30,530  INFO [main] ASauceDemo1:25 - Apply validation in testng using hard assertion
2022-11-17 17:10:30,535  INFO [main] ASauceDemo1:29 - actaulTitle-Swag Labs
2022-11-17 17:10:31,921  INFO [main] ASauceDemo1:91 - browser is closed
2022-11-17 17:10:36,016  INFO [main] ASauceDemo1:48 - Browser is opened
2022-11-17 17:10:36,028  INFO [main] ASauceDemo1:60 - Browser is maximzed
2022-11-17 17:10:38,992  INFO [main] ASauceDemo1:63 - Url is opened
2022-11-17 17:10:38,993  INFO [main] ASauceDemo1:64 - Went on LoginPage
2022-11-17 17:10:39,304  INFO [main] ASauceDemo1:75 - Username is entered
2022-11-17 17:10:39,417  INFO [main] ASauceDemo1:78 - Password is entered
2022-11-17 17:10:39,670  INFO [main] ASauceDemo1:81 - Clicked on login Button
2022-11-17 17:10:39,671  INFO [main] ASauceDemo1:84 - Went on HomePage
2022-11-17 17:10:40,073  INFO [main] ASauceDemo1:29 - Clicked on menu Button
2022-11-17 17:10:40,324  INFO [main] ASauceDemo1:32 - Clicked on logOut Button
2022-11-17 17:10:40,325  INFO [main] ASauceDemo1:35 - Went on LoginPage
2022-11-17 17:10:40,325  INFO [main] ASauceDemo1:38 - Apply validation
2022-11-17 17:10:40,334  INFO [main] ASauceDemo1:41 - actaulTitle-Swag Labs
2022-11-17 17:10:41,775  INFO [main] ASauceDemo1:91 - browser is closed
2022-11-17 17:10:45,761  INFO [main] ASauceDemo1:48 - Browser is opened
2022-11-17 17:10:45,777  INFO [main] ASauceDemo1:60 - Browser is maximzed
2022-11-17 17:10:47,475  INFO [main] ASauceDemo1:63 - Url is opened
2022-11-17 17:10:47,478  INFO [main] ASauceDemo1:64 - Went on LoginPage
2022-11-17 17:10:47,757  INFO [main] ASauceDemo1:75 - Username is entered
2022-11-17 17:10:47,879  INFO [main] ASauceDemo1:78 - Password is entered
2022-11-17 17:10:48,149  INFO [main] ASauceDemo1:81 - Clicked on login Button
2022-11-17 17:10:48,150  INFO [main] ASauceDemo1:84 - Went on HomePage
2022-11-17 17:10:48,448  INFO [main] ASauceDemo1:22 - Bag Product is selected
2022-11-17 17:10:48,450  INFO [main] ASauceDemo1:25 - Apply Validation
2022-11-17 17:10:48,535  INFO [main] ASauceDemo1:29 - actualProductCount-1
2022-11-17 17:10:49,750  INFO [main] ASauceDemo1:91 - browser is closed
2022-11-17 17:10:53,566  INFO [main] ASauceDemo1:48 - Browser is opened
2022-11-17 17:10:53,572  INFO [main] ASauceDemo1:60 - Browser is maximzed
2022-11-17 17:10:54,865  INFO [main] ASauceDemo1:63 - Url is opened
2022-11-17 17:10:54,866  INFO [main] ASauceDemo1:64 - Went on LoginPage
2022-11-17 17:10:55,283  INFO [main] ASauceDemo1:75 - Username is entered
2022-11-17 17:10:55,393  INFO [main] ASauceDemo1:78 - Password is entered
2022-11-17 17:10:55,684  INFO [main] ASauceDemo1:81 - Clicked on login Button
2022-11-17 17:10:55,685  INFO [main] ASauceDemo1:84 - Went on HomePage
2022-11-17 17:10:56,592  INFO [main] ASauceDemo1:23 - All products will be get selected
2022-11-17 17:10:56,593  INFO [main] ASauceDemo1:26 - Apply Validation
2022-11-17 17:10:56,655  INFO [main] ASauceDemo1:30 - total products selected are->3
2022-11-17 17:10:58,000  INFO [main] ASauceDemo1:91 - browser is closed
2022-11-17 17:10:59,350  INFO [main] ASauceDemo1:48 - Browser is opened
2022-11-17 17:10:59,570  INFO [main] ASauceDemo1:60 - Browser is maximzed
2022-11-17 17:11:00,706  INFO [main] ASauceDemo1:63 - Url is opened
2022-11-17 17:11:00,707  INFO [main] ASauceDemo1:64 - Went on LoginPage
2022-11-17 17:11:01,173  INFO [main] ASauceDemo1:75 - Username is entered
2022-11-17 17:11:01,290  INFO [main] ASauceDemo1:78 - Password is entered
2022-11-17 17:11:01,561  INFO [main] ASauceDemo1:81 - Clicked on login Button
2022-11-17 17:11:01,562  INFO [main] ASauceDemo1:84 - Went on HomePage
2022-11-17 17:11:01,919  INFO [main] ASauceDemo1:25 - Apply validation in testng using hard assertion
2022-11-17 17:11:01,926  INFO [main] ASauceDemo1:29 - actaulTitle-Swag Labs
2022-11-17 17:11:02,366  INFO [main] ASauceDemo1:91 - browser is closed
2022-11-17 17:11:03,628  INFO [main] ASauceDemo1:48 - Browser is opened
2022-11-17 17:11:03,791  INFO [main] ASauceDemo1:60 - Browser is maximzed
2022-11-17 17:11:04,884  INFO [main] ASauceDemo1:63 - Url is opened
2022-11-17 17:11:04,884  INFO [main] ASauceDemo1:64 - Went on LoginPage
2022-11-17 17:11:05,354  INFO [main] ASauceDemo1:75 - Username is entered
2022-11-17 17:11:05,467  INFO [main] ASauceDemo1:78 - Password is entered
2022-11-17 17:11:05,724  INFO [main] ASauceDemo1:81 - Clicked on login Button
2022-11-17 17:11:05,724  INFO [main] ASauceDemo1:84 - Went on HomePage
2022-11-17 17:11:06,211  INFO [main] ASauceDemo1:29 - Clicked on menu Button
2022-11-17 17:11:06,305  INFO [main] ASauceDemo1:32 - Clicked on logOut Button
2022-11-17 17:11:06,306  INFO [main] ASauceDemo1:35 - Went on LoginPage
2022-11-17 17:11:06,306  INFO [main] ASauceDemo1:38 - Apply validation
2022-11-17 17:11:06,318  INFO [main] ASauceDemo1:41 - actaulTitle-Swag Labs
2022-11-17 17:11:06,679  INFO [main] ASauceDemo1:91 - browser is closed
2022-11-17 17:11:07,861  INFO [main] ASauceDemo1:48 - Browser is opened
2022-11-17 17:11:07,999  INFO [main] ASauceDemo1:60 - Browser is maximzed
2022-11-17 17:11:08,900  INFO [main] ASauceDemo1:63 - Url is opened
2022-11-17 17:11:08,900  INFO [main] ASauceDemo1:64 - Went on LoginPage
2022-11-17 17:11:09,331  INFO [main] ASauceDemo1:75 - Username is entered
2022-11-17 17:11:09,437  INFO [main] ASauceDemo1:78 - Password is entered
2022-11-17 17:11:09,709  INFO [main] ASauceDemo1:81 - Clicked on login Button
2022-11-17 17:11:09,710  INFO [main] ASauceDemo1:84 - Went on HomePage
2022-11-17 17:11:09,925  INFO [main] ASauceDemo1:22 - Bag Product is selected
2022-11-17 17:11:09,926  INFO [main] ASauceDemo1:25 - Apply Validation
2022-11-17 17:11:09,979  INFO [main] ASauceDemo1:29 - actualProductCount-1
2022-11-17 17:11:10,271  INFO [main] ASauceDemo1:91 - browser is closed
2022-11-17 17:11:11,412  INFO [main] ASauceDemo1:48 - Browser is opened
2022-11-17 17:11:11,581  INFO [main] ASauceDemo1:60 - Browser is maximzed
2022-11-17 17:11:13,199  INFO [main] ASauceDemo1:63 - Url is opened
2022-11-17 17:11:13,199  INFO [main] ASauceDemo1:64 - Went on LoginPage
2022-11-17 17:11:13,570  INFO [main] ASauceDemo1:75 - Username is entered
2022-11-17 17:11:13,722  INFO [main] ASauceDemo1:78 - Password is entered
2022-11-17 17:11:14,026  INFO [main] ASauceDemo1:81 - Clicked on login Button
2022-11-17 17:11:14,026  INFO [main] ASauceDemo1:84 - Went on HomePage
2022-11-17 17:11:14,393  INFO [main] ASauceDemo1:23 - All products will be get selected
2022-11-17 17:11:14,394  INFO [main] ASauceDemo1:26 - Apply Validation
2022-11-17 17:11:14,429  INFO [main] ASauceDemo1:30 - total products selected are->3
2022-11-17 17:11:14,701  INFO [main] ASauceDemo1:91 - browser is closed
2022-11-17 17:12:59,707  INFO [main] ASauceDemo1:48 - Browser is opened
2022-11-17 17:12:59,728  INFO [main] ASauceDemo1:60 - Browser is maximzed
2022-11-17 17:13:01,262  INFO [main] ASauceDemo1:63 - Url is opened
2022-11-17 17:13:01,263  INFO [main] ASauceDemo1:64 - Went on LoginPage
2022-11-17 17:13:01,853  INFO [main] ASauceDemo1:75 - Username is entered
2022-11-17 17:13:01,958  INFO [main] ASauceDemo1:78 - Password is entered
2022-11-17 17:13:02,295  INFO [main] ASauceDemo1:81 - Clicked on login Button
2022-11-17 17:13:02,296  INFO [main] ASauceDemo1:84 - Went on HomePage
2022-11-17 17:13:02,470  INFO [main] ASauceDemo1:25 - Apply validation in testng using hard assertion
2022-11-17 17:13:02,474  INFO [main] ASauceDemo1:29 - actaulTitle-Swag Labs
2022-11-17 17:13:04,024  INFO [main] ASauceDemo1:91 - browser is closed
2022-11-17 17:13:07,798  INFO [main] ASauceDemo1:48 - Browser is opened
2022-11-17 17:13:07,814  INFO [main] ASauceDemo1:60 - Browser is maximzed
2022-11-17 17:13:08,979  INFO [main] ASauceDemo1:63 - Url is opened
2022-11-17 17:13:08,979  INFO [main] ASauceDemo1:64 - Went on LoginPage
2022-11-17 17:13:09,407  INFO [main] ASauceDemo1:75 - Username is entered
2022-11-17 17:13:09,497  INFO [main] ASauceDemo1:78 - Password is entered
2022-11-17 17:13:09,815  INFO [main] ASauceDemo1:81 - Clicked on login Button
2022-11-17 17:13:09,815  INFO [main] ASauceDemo1:84 - Went on HomePage
2022-11-17 17:13:10,334  INFO [main] ASauceDemo1:29 - Clicked on menu Button
2022-11-17 17:13:10,598  INFO [main] ASauceDemo1:32 - Clicked on logOut Button
2022-11-17 17:13:10,600  INFO [main] ASauceDemo1:35 - Went on LoginPage
2022-11-17 17:13:10,600  INFO [main] ASauceDemo1:38 - Apply validation
2022-11-17 17:13:10,609  INFO [main] ASauceDemo1:41 - actaulTitle-Swag Labs
2022-11-17 17:13:12,001  INFO [main] ASauceDemo1:91 - browser is closed
2022-11-17 17:13:15,852  INFO [main] ASauceDemo1:48 - Browser is opened
2022-11-17 17:13:15,870  INFO [main] ASauceDemo1:60 - Browser is maximzed
2022-11-17 17:13:17,033  INFO [main] ASauceDemo1:63 - Url is opened
2022-11-17 17:13:17,039  INFO [main] ASauceDemo1:64 - Went on LoginPage
2022-11-17 17:13:17,492  INFO [main] ASauceDemo1:75 - Username is entered
2022-11-17 17:13:17,559  INFO [main] ASauceDemo1:78 - Password is entered
2022-11-17 17:13:17,825  INFO [main] ASauceDemo1:81 - Clicked on login Button
2022-11-17 17:13:17,826  INFO [main] ASauceDemo1:84 - Went on HomePage
2022-11-17 17:13:18,142  INFO [main] ASauceDemo1:22 - Bag Product is selected
2022-11-17 17:13:18,143  INFO [main] ASauceDemo1:25 - Apply Validation
2022-11-17 17:13:18,190  INFO [main] ASauceDemo1:29 - actualProductCount-1
2022-11-17 17:13:19,406  INFO [main] ASauceDemo1:91 - browser is closed
2022-11-17 17:13:23,214  INFO [main] ASauceDemo1:48 - Browser is opened
2022-11-17 17:13:23,221  INFO [main] ASauceDemo1:60 - Browser is maximzed
2022-11-17 17:13:24,055  INFO [main] ASauceDemo1:63 - Url is opened
2022-11-17 17:13:24,055  INFO [main] ASauceDemo1:64 - Went on LoginPage
2022-11-17 17:13:24,494  INFO [main] ASauceDemo1:75 - Username is entered
2022-11-17 17:13:24,575  INFO [main] ASauceDemo1:78 - Password is entered
2022-11-17 17:13:24,826  INFO [main] ASauceDemo1:81 - Clicked on login Button
2022-11-17 17:13:24,827  INFO [main] ASauceDemo1:84 - Went on HomePage
2022-11-17 17:13:25,692  INFO [main] ASauceDemo1:23 - All products will be get selected
2022-11-17 17:13:25,693  INFO [main] ASauceDemo1:26 - Apply Validation
2022-11-17 17:13:25,773  INFO [main] ASauceDemo1:30 - total products selected are->3
2022-11-17 17:13:27,048  INFO [main] ASauceDemo1:91 - browser is closed
2022-11-17 17:13:28,621  INFO [main] ASauceDemo1:48 - Browser is opened
2022-11-17 17:13:28,765  INFO [main] ASauceDemo1:60 - Browser is maximzed
2022-11-17 17:13:29,767  INFO [main] ASauceDemo1:63 - Url is opened
2022-11-17 17:13:29,768  INFO [main] ASauceDemo1:64 - Went on LoginPage
2022-11-17 17:13:30,292  INFO [main] ASauceDemo1:75 - Username is entered
2022-11-17 17:13:30,472  INFO [main] ASauceDemo1:78 - Password is entered
2022-11-17 17:13:30,741  INFO [main] ASauceDemo1:81 - Clicked on login Button
2022-11-17 17:13:30,742  INFO [main] ASauceDemo1:84 - Went on HomePage
2022-11-17 17:13:31,207  INFO [main] ASauceDemo1:25 - Apply validation in testng using hard assertion
2022-11-17 17:13:31,233  INFO [main] ASauceDemo1:29 - actaulTitle-Swag Labs
2022-11-17 17:13:31,642  INFO [main] ASauceDemo1:91 - browser is closed
2022-11-17 17:13:32,846  INFO [main] ASauceDemo1:48 - Browser is opened
2022-11-17 17:13:32,980  INFO [main] ASauceDemo1:60 - Browser is maximzed
2022-11-17 17:13:33,612  INFO [main] ASauceDemo1:63 - Url is opened
2022-11-17 17:13:33,612  INFO [main] ASauceDemo1:64 - Went on LoginPage
2022-11-17 17:13:34,016  INFO [main] ASauceDemo1:75 - Username is entered
2022-11-17 17:13:34,140  INFO [main] ASauceDemo1:78 - Password is entered
2022-11-17 17:13:34,433  INFO [main] ASauceDemo1:81 - Clicked on login Button
2022-11-17 17:13:34,434  INFO [main] ASauceDemo1:84 - Went on HomePage
2022-11-17 17:13:34,954  INFO [main] ASauceDemo1:29 - Clicked on menu Button
2022-11-17 17:13:35,107  INFO [main] ASauceDemo1:32 - Clicked on logOut Button
2022-11-17 17:13:35,107  INFO [main] ASauceDemo1:35 - Went on LoginPage
2022-11-17 17:13:35,108  INFO [main] ASauceDemo1:38 - Apply validation
2022-11-17 17:13:35,121  INFO [main] ASauceDemo1:41 - actaulTitle-Swag Labs
2022-11-17 17:13:35,401  INFO [main] ASauceDemo1:91 - browser is closed
2022-11-17 17:13:36,409  INFO [main] ASauceDemo1:48 - Browser is opened
2022-11-17 17:13:36,558  INFO [main] ASauceDemo1:60 - Browser is maximzed
2022-11-17 17:13:37,345  INFO [main] ASauceDemo1:63 - Url is opened
2022-11-17 17:13:37,346  INFO [main] ASauceDemo1:64 - Went on LoginPage
2022-11-17 17:13:37,743  INFO [main] ASauceDemo1:75 - Username is entered
2022-11-17 17:13:37,871  INFO [main] ASauceDemo1:78 - Password is entered
2022-11-17 17:13:38,153  INFO [main] ASauceDemo1:81 - Clicked on login Button
2022-11-17 17:13:38,153  INFO [main] ASauceDemo1:84 - Went on HomePage
2022-11-17 17:13:38,382  INFO [main] ASauceDemo1:22 - Bag Product is selected
2022-11-17 17:13:38,382  INFO [main] ASauceDemo1:25 - Apply Validation
2022-11-17 17:13:38,428  INFO [main] ASauceDemo1:29 - actualProductCount-1
2022-11-17 17:13:38,725  INFO [main] ASauceDemo1:91 - browser is closed
2022-11-17 17:13:39,788  INFO [main] ASauceDemo1:48 - Browser is opened
2022-11-17 17:13:39,924  INFO [main] ASauceDemo1:60 - Browser is maximzed
2022-11-17 17:13:40,625  INFO [main] ASauceDemo1:63 - Url is opened
2022-11-17 17:13:40,626  INFO [main] ASauceDemo1:64 - Went on LoginPage
2022-11-17 17:13:41,062  INFO [main] ASauceDemo1:75 - Username is entered
2022-11-17 17:13:41,183  INFO [main] ASauceDemo1:78 - Password is entered
2022-11-17 17:13:41,418  INFO [main] ASauceDemo1:81 - Clicked on login Button
2022-11-17 17:13:41,419  INFO [main] ASauceDemo1:84 - Went on HomePage
2022-11-17 17:13:41,763  INFO [main] ASauceDemo1:23 - All products will be get selected
2022-11-17 17:13:41,765  INFO [main] ASauceDemo1:26 - Apply Validation
2022-11-17 17:13:41,808  INFO [main] ASauceDemo1:30 - total products selected are->3
2022-11-17 17:13:42,116  INFO [main] ASauceDemo1:91 - browser is closed
2022-11-17 22:46:11,995  INFO [main] ASauceDemo1:48 - Browser is opened
2022-11-17 22:46:12,015  INFO [main] ASauceDemo1:60 - Browser is maximzed
2022-11-17 22:46:13,913  INFO [main] ASauceDemo1:63 - Url is opened
2022-11-17 22:46:13,914  INFO [main] ASauceDemo1:64 - Went on LoginPage
2022-11-17 22:46:14,702  INFO [main] ASauceDemo1:75 - Username is entered
2022-11-17 22:46:14,782  INFO [main] ASauceDemo1:78 - Password is entered
2022-11-17 22:46:15,150  INFO [main] ASauceDemo1:81 - Clicked on login Button
2022-11-17 22:46:15,151  INFO [main] ASauceDemo1:84 - Went on HomePage
2022-11-17 22:46:15,302  INFO [main] ASauceDemo1:25 - Apply validation in testng using hard assertion
2022-11-17 22:46:15,307  INFO [main] ASauceDemo1:29 - actaulTitle-Swag Labs
2022-11-17 22:46:16,780  INFO [main] ASauceDemo1:91 - browser is closed
2022-11-17 22:46:20,645  INFO [main] ASauceDemo1:48 - Browser is opened
2022-11-17 22:46:20,652  INFO [main] ASauceDemo1:60 - Browser is maximzed
2022-11-17 22:46:23,501  INFO [main] ASauceDemo1:63 - Url is opened
2022-11-17 22:46:23,502  INFO [main] ASauceDemo1:64 - Went on LoginPage
2022-11-17 22:46:23,878  INFO [main] ASauceDemo1:75 - Username is entered
2022-11-17 22:46:23,963  INFO [main] ASauceDemo1:78 - Password is entered
2022-11-17 22:46:24,274  INFO [main] ASauceDemo1:81 - Clicked on login Button
2022-11-17 22:46:24,275  INFO [main] ASauceDemo1:84 - Went on HomePage
2022-11-17 22:46:24,746  INFO [main] ASauceDemo1:29 - Clicked on menu Button
2022-11-17 22:46:25,043  INFO [main] ASauceDemo1:32 - Clicked on logOut Button
2022-11-17 22:46:25,045  INFO [main] ASauceDemo1:35 - Went on LoginPage
2022-11-17 22:46:25,048  INFO [main] ASauceDemo1:38 - Apply validation
2022-11-17 22:46:25,070  INFO [main] ASauceDemo1:41 - actaulTitle-Swag Labs
2022-11-17 22:46:26,513  INFO [main] ASauceDemo1:91 - browser is closed
2022-11-17 22:46:30,510  INFO [main] ASauceDemo1:48 - Browser is opened
2022-11-17 22:46:30,518  INFO [main] ASauceDemo1:60 - Browser is maximzed
2022-11-17 22:46:33,702  INFO [main] ASauceDemo1:63 - Url is opened
2022-11-17 22:46:33,703  INFO [main] ASauceDemo1:64 - Went on LoginPage
2022-11-17 22:46:34,094  INFO [main] ASauceDemo1:75 - Username is entered
2022-11-17 22:46:34,170  INFO [main] ASauceDemo1:78 - Password is entered
2022-11-17 22:46:34,488  INFO [main] ASauceDemo1:81 - Clicked on login Button
2022-11-17 22:46:34,488  INFO [main] ASauceDemo1:84 - Went on HomePage
2022-11-17 22:46:34,823  INFO [main] ASauceDemo1:22 - Bag Product is selected
2022-11-17 22:46:34,824  INFO [main] ASauceDemo1:25 - Apply Validation
2022-11-17 22:46:34,882  INFO [main] ASauceDemo1:29 - actualProductCount-1
2022-11-17 22:46:36,191  INFO [main] ASauceDemo1:91 - browser is closed
2022-11-17 22:46:40,241  INFO [main] ASauceDemo1:48 - Browser is opened
2022-11-17 22:46:40,254  INFO [main] ASauceDemo1:60 - Browser is maximzed
2022-11-17 22:46:41,960  INFO [main] ASauceDemo1:63 - Url is opened
2022-11-17 22:46:41,961  INFO [main] ASauceDemo1:64 - Went on LoginPage
2022-11-17 22:46:42,384  INFO [main] ASauceDemo1:75 - Username is entered
2022-11-17 22:46:42,446  INFO [main] ASauceDemo1:78 - Password is entered
2022-11-17 22:46:42,713  INFO [main] ASauceDemo1:81 - Clicked on login Button
2022-11-17 22:46:42,713  INFO [main] ASauceDemo1:84 - Went on HomePage
2022-11-17 22:46:43,558  INFO [main] ASauceDemo1:23 - All products will be get selected
2022-11-17 22:46:43,559  INFO [main] ASauceDemo1:26 - Apply Validation
2022-11-17 22:46:43,618  INFO [main] ASauceDemo1:30 - total products selected are->3
2022-11-17 22:46:45,030  INFO [main] ASauceDemo1:91 - browser is closed
